# JRE version: OpenJDK Runtime Environment Temurin-17.0.13+11 (17.0.13+11) (build 17.0.13+11)
# Java VM: OpenJDK 64-Bit Server VM Temurin-17.0.13+11 (17.0.13+11, mixed mode, tiered, compressed oops, compressed class ptrs, parallel gc, windows-amd64)
GC Precious Log:
 CPUs: 12 total, 12 available
 Memory: 16185M
 Large Page Support: Disabled
 NUMA Support: Disabled
 Compressed Oops: Enabled (32-bit)
 Alignments: Space 512K, Generation 512K, Heap 2M
 Heap Min Capacity: 100M
 Heap Initial Capacity: 100M
 Heap Max Capacity: 1G
 Pre-touch: Disabled
 Parallel Workers: 10
Heap:
 PSYoungGen      total 14848K, used 2955K [0x00000000eab00000, 0x00000000ebb80000, 0x0000000100000000)
  eden space 13312K, 11% used [0x00000000eab00000,0x00000000eac8ae08,0x00000000eb800000)
  from space 1536K, 89% used [0x00000000eba00000,0x00000000ebb58000,0x00000000ebb80000)
  to   space 1536K, 0% used [0x00000000eb880000,0x00000000eb880000,0x00000000eba00000)
 ParOldGen       total 93696K, used 78263K [0x00000000c0000000, 0x00000000c5b80000, 0x00000000eab00000)
  object space 93696K, 83% used [0x00000000c0000000,0x00000000c4c6de00,0x00000000c5b80000)
 Metaspace       used 59565K, committed 60608K, reserved 1114112K
  class space    used 6445K, committed 6912K, reserved 1048576K
GC Heap History (20 events):
Event: 3.701 GC heap before
{Heap before GC invocations=39 (full 2):
 PSYoungGen      total 16896K, used 16896K [0x00000000eab00000, 0x00000000ec280000, 0x0000000100000000)
  eden space 15360K, 100% used [0x00000000eab00000,0x00000000eba00000,0x00000000eba00000)
  from space 1536K, 100% used [0x00000000ebe00000,0x00000000ebf80000,0x00000000ebf80000)
  to   space 4096K, 0% used [0x00000000eba00000,0x00000000eba00000,0x00000000ebe00000)
 ParOldGen       total 68608K, used 65198K [0x00000000c0000000, 0x00000000c4300000, 0x00000000eab00000)
  object space 68608K, 95% used [0x00000000c0000000,0x00000000c3fab848,0x00000000c4300000)
 Metaspace       used 57051K, committed 58048K, reserved 1114112K
  class space    used 6162K, committed 6592K, reserved 1048576K
}
Event: 3.704 GC heap after
{Heap after GC invocations=39 (full 2):
 PSYoungGen      total 18944K, used 3456K [0x00000000eab00000, 0x00000000ec100000, 0x0000000100000000)
  eden space 15360K, 0% used [0x00000000eab00000,0x00000000eab00000,0x00000000eba00000)
  from space 3584K, 96% used [0x00000000eba00000,0x00000000ebd60008,0x00000000ebd80000)
  to   space 3584K, 0% used [0x00000000ebd80000,0x00000000ebd80000,0x00000000ec100000)
 ParOldGen       total 68608K, used 66646K [0x00000000c0000000, 0x00000000c4300000, 0x00000000eab00000)
  object space 68608K, 97% used [0x00000000c0000000,0x00000000c4115848,0x00000000c4300000)
 Metaspace       used 57051K, committed 58048K, reserved 1114112K
  class space    used 6162K, committed 6592K, reserved 1048576K
}
Event: 3.732 GC heap before
{Heap before GC invocations=40 (full 2):
 PSYoungGen      total 18944K, used 18816K [0x00000000eab00000, 0x00000000ec100000, 0x0000000100000000)
  eden space 15360K, 100% used [0x00000000eab00000,0x00000000eba00000,0x00000000eba00000)
  from space 3584K, 96% used [0x00000000eba00000,0x00000000ebd60008,0x00000000ebd80000)
  to   space 3584K, 0% used [0x00000000ebd80000,0x00000000ebd80000,0x00000000ec100000)
 ParOldGen       total 68608K, used 66646K [0x00000000c0000000, 0x00000000c4300000, 0x00000000eab00000)
  object space 68608K, 97% used [0x00000000c0000000,0x00000000c4115848,0x00000000c4300000)
 Metaspace       used 57363K, committed 58432K, reserved 1114112K
  class space    used 6194K, committed 6656K, reserved 1048576K
}
Event: 3.736 GC heap after
{Heap after GC invocations=40 (full 2):
 PSYoungGen      total 17920K, used 2208K [0x00000000eab00000, 0x00000000ec000000, 0x0000000100000000)
  eden space 15360K, 0% used [0x00000000eab00000,0x00000000eab00000,0x00000000eba00000)
  from space 2560K, 86% used [0x00000000ebd80000,0x00000000ebfa8000,0x00000000ec000000)
  to   space 3072K, 0% used [0x00000000eba00000,0x00000000eba00000,0x00000000ebd00000)
 ParOldGen       total 70656K, used 69798K [0x00000000c0000000, 0x00000000c4500000, 0x00000000eab00000)
  object space 70656K, 98% used [0x00000000c0000000,0x00000000c4429850,0x00000000c4500000)
 Metaspace       used 57363K, committed 58432K, reserved 1114112K
  class space    used 6194K, committed 6656K, reserved 1048576K
}
Event: 3.768 GC heap before
{Heap before GC invocations=41 (full 3):
 PSYoungGen      total 17920K, used 17568K [0x00000000eab00000, 0x00000000ec000000, 0x0000000100000000)
  eden space 15360K, 100% used [0x00000000eab00000,0x00000000eba00000,0x00000000eba00000)
  from space 2560K, 86% used [0x00000000ebd80000,0x00000000ebfa8000,0x00000000ec000000)
  to   space 3072K, 0% used [0x00000000eba00000,0x00000000eba00000,0x00000000ebd00000)
 ParOldGen       total 70656K, used 69798K [0x00000000c0000000, 0x00000000c4500000, 0x00000000eab00000)
  object space 70656K, 98% used [0x00000000c0000000,0x00000000c4429850,0x00000000c4500000)
 Metaspace       used 57483K, committed 58624K, reserved 1114112K
  class space    used 6216K, committed 6720K, reserved 1048576K
}
Event: 3.829 GC heap after
{Heap after GC invocations=41 (full 3):
 PSYoungGen      total 18432K, used 0K [0x00000000eab00000, 0x00000000ec000000, 0x0000000100000000)
  eden space 15360K, 0% used [0x00000000eab00000,0x00000000eab00000,0x00000000eba00000)
  from space 3072K, 0% used [0x00000000eba00000,0x00000000eba00000,0x00000000ebd00000)
  to   space 3072K, 0% used [0x00000000ebd00000,0x00000000ebd00000,0x00000000ec000000)
 ParOldGen       total 93696K, used 65098K [0x00000000c0000000, 0x00000000c5b80000, 0x00000000eab00000)
  object space 93696K, 69% used [0x00000000c0000000,0x00000000c3f92ac0,0x00000000c5b80000)
 Metaspace       used 57483K, committed 58624K, reserved 1114112K
  class space    used 6216K, committed 6720K, reserved 1048576K
}
Event: 3.857 GC heap before
{Heap before GC invocations=42 (full 3):
 PSYoungGen      total 18432K, used 15360K [0x00000000eab00000, 0x00000000ec000000, 0x0000000100000000)
  eden space 15360K, 100% used [0x00000000eab00000,0x00000000eba00000,0x00000000eba00000)
  from space 3072K, 0% used [0x00000000eba00000,0x00000000eba00000,0x00000000ebd00000)
  to   space 3072K, 0% used [0x00000000ebd00000,0x00000000ebd00000,0x00000000ec000000)
 ParOldGen       total 93696K, used 65098K [0x00000000c0000000, 0x00000000c5b80000, 0x00000000eab00000)
  object space 93696K, 69% used [0x00000000c0000000,0x00000000c3f92ac0,0x00000000c5b80000)
 Metaspace       used 57582K, committed 58688K, reserved 1114112K
  class space    used 6229K, committed 6720K, reserved 1048576K
}
Event: 3.858 GC heap after
{Heap after GC invocations=42 (full 3):
 PSYoungGen      total 17920K, used 2208K [0x00000000eab00000, 0x00000000ebf80000, 0x0000000100000000)
  eden space 15360K, 0% used [0x00000000eab00000,0x00000000eab00000,0x00000000eba00000)
  from space 2560K, 86% used [0x00000000ebd00000,0x00000000ebf28000,0x00000000ebf80000)
  to   space 2560K, 0% used [0x00000000eba80000,0x00000000eba80000,0x00000000ebd00000)
 ParOldGen       total 93696K, used 65106K [0x00000000c0000000, 0x00000000c5b80000, 0x00000000eab00000)
  object space 93696K, 69% used [0x00000000c0000000,0x00000000c3f94ac0,0x00000000c5b80000)
 Metaspace       used 57582K, committed 58688K, reserved 1114112K
  class space    used 6229K, committed 6720K, reserved 1048576K
}
Event: 3.884 GC heap before
{Heap before GC invocations=43 (full 3):
 PSYoungGen      total 17920K, used 17568K [0x00000000eab00000, 0x00000000ebf80000, 0x0000000100000000)
  eden space 15360K, 100% used [0x00000000eab00000,0x00000000eba00000,0x00000000eba00000)
  from space 2560K, 86% used [0x00000000ebd00000,0x00000000ebf28000,0x00000000ebf80000)
  to   space 2560K, 0% used [0x00000000eba80000,0x00000000eba80000,0x00000000ebd00000)
 ParOldGen       total 93696K, used 65106K [0x00000000c0000000, 0x00000000c5b80000, 0x00000000eab00000)
  object space 93696K, 69% used [0x00000000c0000000,0x00000000c3f94ac0,0x00000000c5b80000)
 Metaspace       used 57899K, committed 58944K, reserved 1114112K
  class space    used 6273K, committed 6720K, reserved 1048576K
}
Event: 3.886 GC heap after
{Heap after GC invocations=43 (full 3):
 PSYoungGen      total 17408K, used 1920K [0x00000000eab00000, 0x00000000ebe00000, 0x0000000100000000)
  eden space 15360K, 0% used [0x00000000eab00000,0x00000000eab00000,0x00000000eba00000)
  from space 2048K, 93% used [0x00000000eba80000,0x00000000ebc60000,0x00000000ebc80000)
  to   space 1536K, 0% used [0x00000000ebc80000,0x00000000ebc80000,0x00000000ebe00000)
 ParOldGen       total 93696K, used 67066K [0x00000000c0000000, 0x00000000c5b80000, 0x00000000eab00000)
  object space 93696K, 71% used [0x00000000c0000000,0x00000000c417eac0,0x00000000c5b80000)
 Metaspace       used 57899K, committed 58944K, reserved 1114112K
  class space    used 6273K, committed 6720K, reserved 1048576K
}
Event: 3.915 GC heap before
{Heap before GC invocations=44 (full 3):
 PSYoungGen      total 17408K, used 17280K [0x00000000eab00000, 0x00000000ebe00000, 0x0000000100000000)
  eden space 15360K, 100% used [0x00000000eab00000,0x00000000eba00000,0x00000000eba00000)
  from space 2048K, 93% used [0x00000000eba80000,0x00000000ebc60000,0x00000000ebc80000)
  to   space 1536K, 0% used [0x00000000ebc80000,0x00000000ebc80000,0x00000000ebe00000)
 ParOldGen       total 93696K, used 67066K [0x00000000c0000000, 0x00000000c5b80000, 0x00000000eab00000)
  object space 93696K, 71% used [0x00000000c0000000,0x00000000c417eac0,0x00000000c5b80000)
 Metaspace       used 58319K, committed 59392K, reserved 1114112K
  class space    used 6314K, committed 6784K, reserved 1048576K
}
Event: 3.916 GC heap after
{Heap after GC invocations=44 (full 3):
 PSYoungGen      total 14848K, used 1528K [0x00000000eab00000, 0x00000000ec300000, 0x0000000100000000)
  eden space 13312K, 0% used [0x00000000eab00000,0x00000000eab00000,0x00000000eb800000)
  from space 1536K, 99% used [0x00000000ebc80000,0x00000000ebdfe010,0x00000000ebe00000)
  to   space 4608K, 0% used [0x00000000eb800000,0x00000000eb800000,0x00000000ebc80000)
 ParOldGen       total 93696K, used 69362K [0x00000000c0000000, 0x00000000c5b80000, 0x00000000eab00000)
  object space 93696K, 74% used [0x00000000c0000000,0x00000000c43bcac0,0x00000000c5b80000)
 Metaspace       used 58319K, committed 59392K, reserved 1114112K
  class space    used 6314K, committed 6784K, reserved 1048576K
}
Event: 3.944 GC heap before
{Heap before GC invocations=45 (full 3):
 PSYoungGen      total 14848K, used 14840K [0x00000000eab00000, 0x00000000ec300000, 0x0000000100000000)
  eden space 13312K, 100% used [0x00000000eab00000,0x00000000eb800000,0x00000000eb800000)
  from space 1536K, 99% used [0x00000000ebc80000,0x00000000ebdfe010,0x00000000ebe00000)
  to   space 4608K, 0% used [0x00000000eb800000,0x00000000eb800000,0x00000000ebc80000)
 ParOldGen       total 93696K, used 69362K [0x00000000c0000000, 0x00000000c5b80000, 0x00000000eab00000)
  object space 93696K, 74% used [0x00000000c0000000,0x00000000c43bcac0,0x00000000c5b80000)
 Metaspace       used 58427K, committed 59520K, reserved 1114112K
  class space    used 6324K, committed 6784K, reserved 1048576K
}
Event: 3.946 GC heap after
{Heap after GC invocations=45 (full 3):
 PSYoungGen      total 15360K, used 1888K [0x00000000eab00000, 0x00000000ebe00000, 0x0000000100000000)
  eden space 13312K, 0% used [0x00000000eab00000,0x00000000eab00000,0x00000000eb800000)
  from space 2048K, 92% used [0x00000000eb800000,0x00000000eb9d8000,0x00000000eba00000)
  to   space 3072K, 0% used [0x00000000ebb00000,0x00000000ebb00000,0x00000000ebe00000)
 ParOldGen       total 93696K, used 70840K [0x00000000c0000000, 0x00000000c5b80000, 0x00000000eab00000)
  object space 93696K, 75% used [0x00000000c0000000,0x00000000c452e310,0x00000000c5b80000)
 Metaspace       used 58427K, committed 59520K, reserved 1114112K
  class space    used 6324K, committed 6784K, reserved 1048576K
}
Event: 3.970 GC heap before
{Heap before GC invocations=46 (full 3):
 PSYoungGen      total 15360K, used 15200K [0x00000000eab00000, 0x00000000ebe00000, 0x0000000100000000)
  eden space 13312K, 100% used [0x00000000eab00000,0x00000000eb800000,0x00000000eb800000)
  from space 2048K, 92% used [0x00000000eb800000,0x00000000eb9d8000,0x00000000eba00000)
  to   space 3072K, 0% used [0x00000000ebb00000,0x00000000ebb00000,0x00000000ebe00000)
 ParOldGen       total 93696K, used 70840K [0x00000000c0000000, 0x00000000c5b80000, 0x00000000eab00000)
  object space 93696K, 75% used [0x00000000c0000000,0x00000000c452e310,0x00000000c5b80000)
 Metaspace       used 58638K, committed 59712K, reserved 1114112K
  class space    used 6346K, committed 6784K, reserved 1048576K
}
Event: 3.971 GC heap after
{Heap after GC invocations=46 (full 3):
 PSYoungGen      total 15360K, used 1720K [0x00000000eab00000, 0x00000000ebd00000, 0x0000000100000000)
  eden space 13312K, 0% used [0x00000000eab00000,0x00000000eab00000,0x00000000eb800000)
  from space 2048K, 84% used [0x00000000ebb00000,0x00000000ebcae1a8,0x00000000ebd00000)
  to   space 2048K, 0% used [0x00000000eb800000,0x00000000eb800000,0x00000000eba00000)
 ParOldGen       total 93696K, used 72488K [0x00000000c0000000, 0x00000000c5b80000, 0x00000000eab00000)
  object space 93696K, 77% used [0x00000000c0000000,0x00000000c46ca310,0x00000000c5b80000)
 Metaspace       used 58638K, committed 59712K, reserved 1114112K
  class space    used 6346K, committed 6784K, reserved 1048576K
}
Event: 3.996 GC heap before
{Heap before GC invocations=47 (full 3):
 PSYoungGen      total 15360K, used 15032K [0x00000000eab00000, 0x00000000ebd00000, 0x0000000100000000)
  eden space 13312K, 100% used [0x00000000eab00000,0x00000000eb800000,0x00000000eb800000)
  from space 2048K, 84% used [0x00000000ebb00000,0x00000000ebcae1a8,0x00000000ebd00000)
  to   space 2048K, 0% used [0x00000000eb800000,0x00000000eb800000,0x00000000eba00000)
 ParOldGen       total 93696K, used 72488K [0x00000000c0000000, 0x00000000c5b80000, 0x00000000eab00000)
  object space 93696K, 77% used [0x00000000c0000000,0x00000000c46ca310,0x00000000c5b80000)
 Metaspace       used 58861K, committed 59968K, reserved 1114112K
  class space    used 6370K, committed 6848K, reserved 1048576K
}
Event: 3.997 GC heap after
{Heap after GC invocations=47 (full 3):
 PSYoungGen      total 15360K, used 1724K [0x00000000eab00000, 0x00000000ebc00000, 0x0000000100000000)
  eden space 13312K, 0% used [0x00000000eab00000,0x00000000eab00000,0x00000000eb800000)
  from space 2048K, 84% used [0x00000000eb800000,0x00000000eb9af1a0,0x00000000eba00000)
  to   space 2048K, 0% used [0x00000000eba00000,0x00000000eba00000,0x00000000ebc00000)
 ParOldGen       total 93696K, used 74050K [0x00000000c0000000, 0x00000000c5b80000, 0x00000000eab00000)
  object space 93696K, 79% used [0x00000000c0000000,0x00000000c4850bd0,0x00000000c5b80000)
 Metaspace       used 58861K, committed 59968K, reserved 1114112K
  class space    used 6370K, committed 6848K, reserved 1048576K
}
Event: 4.037 GC heap before
{Heap before GC invocations=48 (full 3):
 PSYoungGen      total 15360K, used 15036K [0x00000000eab00000, 0x00000000ebc00000, 0x0000000100000000)
  eden space 13312K, 100% used [0x00000000eab00000,0x00000000eb800000,0x00000000eb800000)
  from space 2048K, 84% used [0x00000000eb800000,0x00000000eb9af1a0,0x00000000eba00000)
  to   space 2048K, 0% used [0x00000000eba00000,0x00000000eba00000,0x00000000ebc00000)
 ParOldGen       total 93696K, used 74050K [0x00000000c0000000, 0x00000000c5b80000, 0x00000000eab00000)
  object space 93696K, 79% used [0x00000000c0000000,0x00000000c4850bd0,0x00000000c5b80000)
 Metaspace       used 59456K, committed 60544K, reserved 1114112K
  class space    used 6434K, committed 6912K, reserved 1048576K
}
Event: 4.039 GC heap after
{Heap after GC invocations=48 (full 3):
 PSYoungGen      total 15360K, used 1680K [0x00000000eab00000, 0x00000000ebc00000, 0x0000000100000000)
  eden space 13312K, 0% used [0x00000000eab00000,0x00000000eab00000,0x00000000eb800000)
  from space 2048K, 82% used [0x00000000eba00000,0x00000000ebba4010,0x00000000ebc00000)
  to   space 2048K, 0% used [0x00000000eb800000,0x00000000eb800000,0x00000000eba00000)
 ParOldGen       total 93696K, used 75506K [0x00000000c0000000, 0x00000000c5b80000, 0x00000000eab00000)
  object space 93696K, 80% used [0x00000000c0000000,0x00000000c49bcbd0,0x00000000c5b80000)
 Metaspace       used 59456K, committed 60544K, reserved 1114112K
  class space    used 6434K, committed 6912K, reserved 1048576K
}

